<?xml version="1.0" encoding="UTF-8"?>
<coverage generated="1593615906722" clover="3.2.0">
  <project timestamp="1593615906722" name="All files">
    <metrics statements="175" coveredstatements="142" conditionals="51" coveredconditionals="34" methods="66" coveredmethods="51" elements="292" coveredelements="227" complexity="0" loc="175" ncloc="175" packages="13" files="16" classes="16"/>
    <package name="src">
      <metrics statements="35" coveredstatements="32" conditionals="15" coveredconditionals="12" methods="13" coveredmethods="13"/>
      <file name="const.js" path="C:\Users\Masik\projects\199714-six-cities-4\src\const.js">
        <metrics statements="5" coveredstatements="5" conditionals="0" coveredconditionals="0" methods="0" coveredmethods="0"/>
        <line num="1" count="14" type="stmt"/>
        <line num="8" count="14" type="stmt"/>
        <line num="23" count="14" type="stmt"/>
        <line num="32" count="14" type="stmt"/>
        <line num="39" count="14" type="stmt"/>
      </file>
      <file name="reducer.js" path="C:\Users\Masik\projects\199714-six-cities-4\src\reducer.js">
        <metrics statements="28" coveredstatements="25" conditionals="15" coveredconditionals="12" methods="12" coveredmethods="12"/>
        <line num="5" count="9" type="stmt"/>
        <line num="6" count="3" type="stmt"/>
        <line num="7" count="4" type="stmt"/>
        <line num="11" count="9" type="stmt"/>
        <line num="12" count="3" type="cond" truecount="3" falsecount="1"/>
        <line num="14" count="1" type="stmt"/>
        <line num="16" count="1" type="stmt"/>
        <line num="18" count="1" type="stmt"/>
        <line num="20" count="0" type="stmt"/>
        <line num="24" count="9" type="stmt"/>
        <line num="31" count="9" type="stmt"/>
        <line num="38" count="9" type="stmt"/>
        <line num="39" count="1" type="stmt"/>
        <line num="43" count="1" type="stmt"/>
        <line num="47" count="1" type="stmt"/>
        <line num="51" count="1" type="stmt"/>
        <line num="57" count="9" type="cond" truecount="1" falsecount="0"/>
        <line num="58" count="11" type="cond" truecount="4" falsecount="0"/>
        <line num="60" count="2" type="cond" truecount="1" falsecount="1"/>
        <line num="61" count="0" type="stmt"/>
        <line num="64" count="2" type="stmt"/>
        <line num="65" count="3" type="stmt"/>
        <line num="69" count="2" type="cond" truecount="1" falsecount="1"/>
        <line num="70" count="0" type="stmt"/>
        <line num="73" count="2" type="stmt"/>
        <line num="78" count="4" type="stmt"/>
        <line num="85" count="2" type="stmt"/>
        <line num="89" count="1" type="stmt"/>
      </file>
      <file name="utils.js" path="C:\Users\Masik\projects\199714-six-cities-4\src\utils.js">
        <metrics statements="2" coveredstatements="2" conditionals="0" coveredconditionals="0" methods="1" coveredmethods="1"/>
        <line num="1" count="9" type="stmt"/>
        <line num="2" count="10" type="stmt"/>
      </file>
    </package>
    <package name="src.components.app">
      <metrics statements="20" coveredstatements="13" conditionals="4" coveredconditionals="1" methods="8" coveredmethods="3"/>
      <file name="app.jsx" path="C:\Users\Masik\projects\199714-six-cities-4\src\components\app\app.jsx">
        <metrics statements="20" coveredstatements="13" conditionals="4" coveredconditionals="1" methods="8" coveredmethods="3"/>
        <line num="9" count="1" type="stmt"/>
        <line num="13" count="1" type="stmt"/>
        <line num="15" count="1" type="stmt"/>
        <line num="19" count="1" type="stmt"/>
        <line num="23" count="0" type="stmt"/>
        <line num="34" count="1" type="stmt"/>
        <line num="36" count="1" type="stmt"/>
        <line num="38" count="1" type="cond" truecount="1" falsecount="1"/>
        <line num="39" count="1" type="stmt"/>
        <line num="50" count="0" type="cond" truecount="0" falsecount="2"/>
        <line num="51" count="0" type="stmt"/>
        <line num="61" count="0" type="stmt"/>
        <line num="65" count="1" type="stmt"/>
        <line num="66" count="1" type="stmt"/>
        <line num="86" count="1" type="stmt"/>
        <line num="88" count="1" type="stmt"/>
        <line num="92" count="0" type="stmt"/>
        <line num="96" count="1" type="stmt"/>
        <line num="98" count="0" type="stmt"/>
        <line num="99" count="0" type="stmt"/>
      </file>
    </package>
    <package name="src.components.city-list">
      <metrics statements="8" coveredstatements="8" conditionals="2" coveredconditionals="2" methods="4" coveredmethods="4"/>
      <file name="city-list.jsx" path="C:\Users\Masik\projects\199714-six-cities-4\src\components\city-list\city-list.jsx">
        <metrics statements="8" coveredstatements="8" conditionals="2" coveredconditionals="2" methods="4" coveredmethods="4"/>
        <line num="4" count="5" type="stmt"/>
        <line num="5" count="6" type="stmt"/>
        <line num="6" count="2" type="stmt"/>
        <line num="7" count="2" type="stmt"/>
        <line num="10" count="6" type="stmt"/>
        <line num="14" count="9" type="stmt"/>
        <line num="18" count="2" type="stmt"/>
        <line num="29" count="5" type="stmt"/>
      </file>
    </package>
    <package name="src.components.main">
      <metrics statements="3" coveredstatements="3" conditionals="0" coveredconditionals="0" methods="1" coveredmethods="1"/>
      <file name="main.jsx" path="C:\Users\Masik\projects\199714-six-cities-4\src\components\main\main.jsx">
        <metrics statements="3" coveredstatements="3" conditionals="0" coveredconditionals="0" methods="1" coveredmethods="1"/>
        <line num="8" count="3" type="stmt"/>
        <line num="15" count="4" type="stmt"/>
        <line num="76" count="3" type="stmt"/>
      </file>
    </package>
    <package name="src.components.map">
      <metrics statements="24" coveredstatements="19" conditionals="6" coveredconditionals="3" methods="8" coveredmethods="6"/>
      <file name="map.jsx" path="C:\Users\Masik\projects\199714-six-cities-4\src\components\map\map.jsx">
        <metrics statements="24" coveredstatements="19" conditionals="6" coveredconditionals="3" methods="8" coveredmethods="6"/>
        <line num="8" count="6" type="stmt"/>
        <line num="10" count="6" type="stmt"/>
        <line num="12" count="6" type="stmt"/>
        <line num="16" count="6" type="stmt"/>
        <line num="18" count="6" type="cond" truecount="1" falsecount="1"/>
        <line num="19" count="0" type="stmt"/>
        <line num="22" count="6" type="cond" truecount="1" falsecount="1"/>
        <line num="23" count="0" type="stmt"/>
        <line num="26" count="6" type="stmt"/>
        <line num="28" count="6" type="stmt"/>
        <line num="30" count="6" type="stmt"/>
        <line num="37" count="6" type="stmt"/>
        <line num="39" count="6" type="stmt"/>
        <line num="44" count="6" type="stmt"/>
        <line num="49" count="6" type="stmt"/>
        <line num="54" count="6" type="stmt"/>
        <line num="55" count="7" type="stmt"/>
        <line num="65" count="6" type="stmt"/>
        <line num="69" count="0" type="stmt"/>
        <line num="73" count="0" type="stmt"/>
        <line num="74" count="0" type="stmt"/>
        <line num="78" count="6" type="stmt"/>
        <line num="84" count="5" type="stmt"/>
        <line num="86" count="5" type="stmt"/>
      </file>
    </package>
    <package name="src.components.offer-card">
      <metrics statements="18" coveredstatements="14" conditionals="10" coveredconditionals="8" methods="7" coveredmethods="5"/>
      <file name="offer-card.jsx" path="C:\Users\Masik\projects\199714-six-cities-4\src\components\offer-card\offer-card.jsx">
        <metrics statements="18" coveredstatements="14" conditionals="10" coveredconditionals="8" methods="7" coveredmethods="5"/>
        <line num="6" count="7" type="stmt"/>
        <line num="7" count="11" type="stmt"/>
        <line num="9" count="11" type="stmt"/>
        <line num="10" count="1" type="cond" truecount="1" falsecount="1"/>
        <line num="11" count="0" type="stmt"/>
        <line num="13" count="1" type="stmt"/>
        <line num="16" count="11" type="stmt"/>
        <line num="17" count="1" type="cond" truecount="1" falsecount="1"/>
        <line num="18" count="0" type="stmt"/>
        <line num="20" count="1" type="stmt"/>
        <line num="23" count="11" type="stmt"/>
        <line num="24" count="2" type="stmt"/>
        <line num="25" count="2" type="stmt"/>
        <line num="28" count="11" type="stmt"/>
        <line num="77" count="7" type="stmt"/>
        <line num="79" count="7" type="stmt"/>
        <line num="81" count="0" type="stmt"/>
        <line num="84" count="0" type="stmt"/>
      </file>
    </package>
    <package name="src.components.offer-list">
      <metrics statements="5" coveredstatements="5" conditionals="0" coveredconditionals="0" methods="3" coveredmethods="2"/>
      <file name="offer-list.jsx" path="C:\Users\Masik\projects\199714-six-cities-4\src\components\offer-list\offer-list.jsx">
        <metrics statements="5" coveredstatements="5" conditionals="0" coveredconditionals="0" methods="3" coveredmethods="2"/>
        <line num="5" count="5" type="stmt"/>
        <line num="6" count="6" type="stmt"/>
        <line num="9" count="7" type="stmt"/>
        <line num="21" count="5" type="stmt"/>
        <line num="26" count="5" type="stmt"/>
      </file>
    </package>
    <package name="src.components.offer-page">
      <metrics statements="10" coveredstatements="10" conditionals="4" coveredconditionals="4" methods="6" coveredmethods="6"/>
      <file name="offer-page.jsx" path="C:\Users\Masik\projects\199714-six-cities-4\src\components\offer-page\offer-page.jsx">
        <metrics statements="10" coveredstatements="10" conditionals="4" coveredconditionals="4" methods="6" coveredmethods="6"/>
        <line num="8" count="2" type="stmt"/>
        <line num="9" count="2" type="stmt"/>
        <line num="24" count="1" type="stmt"/>
        <line num="26" count="2" type="stmt"/>
        <line num="27" count="2" type="stmt"/>
        <line num="28" count="1" type="stmt"/>
        <line num="61" count="6" type="stmt"/>
        <line num="117" count="10" type="stmt"/>
        <line num="139" count="2" type="stmt"/>
        <line num="219" count="2" type="stmt"/>
      </file>
    </package>
    <package name="src.components.review-card">
      <metrics statements="7" coveredstatements="7" conditionals="0" coveredconditionals="0" methods="2" coveredmethods="2"/>
      <file name="review-card.jsx" path="C:\Users\Masik\projects\199714-six-cities-4\src\components\review-card\review-card.jsx">
        <metrics statements="7" coveredstatements="7" conditionals="0" coveredconditionals="0" methods="2" coveredmethods="2"/>
        <line num="5" count="4" type="stmt"/>
        <line num="6" count="5" type="stmt"/>
        <line num="8" count="5" type="stmt"/>
        <line num="9" count="5" type="stmt"/>
        <line num="10" count="5" type="stmt"/>
        <line num="13" count="5" type="stmt"/>
        <line num="37" count="4" type="stmt"/>
      </file>
    </package>
    <package name="src.components.review-list">
      <metrics statements="6" coveredstatements="6" conditionals="2" coveredconditionals="1" methods="3" coveredmethods="3"/>
      <file name="review-list.jsx" path="C:\Users\Masik\projects\199714-six-cities-4\src\components\review-list\review-list.jsx">
        <metrics statements="6" coveredstatements="6" conditionals="2" coveredconditionals="1" methods="3" coveredmethods="3"/>
        <line num="5" count="3" type="stmt"/>
        <line num="6" count="3" type="stmt"/>
        <line num="7" count="2" type="stmt"/>
        <line num="16" count="2" type="stmt"/>
        <line num="19" count="4" type="stmt"/>
        <line num="31" count="3" type="stmt"/>
      </file>
    </package>
    <package name="src.components.sorting">
      <metrics statements="26" coveredstatements="12" conditionals="8" coveredconditionals="3" methods="11" coveredmethods="6"/>
      <file name="sorting.jsx" path="C:\Users\Masik\projects\199714-six-cities-4\src\components\sorting\sorting.jsx">
        <metrics statements="26" coveredstatements="12" conditionals="8" coveredconditionals="3" methods="11" coveredmethods="6"/>
        <line num="7" count="4" type="stmt"/>
        <line num="28" count="5" type="stmt"/>
        <line num="30" count="5" type="stmt"/>
        <line num="35" count="5" type="stmt"/>
        <line num="37" count="5" type="stmt"/>
        <line num="41" count="0" type="stmt"/>
        <line num="47" count="0" type="stmt"/>
        <line num="52" count="0" type="stmt"/>
        <line num="54" count="0" type="stmt"/>
        <line num="56" count="0" type="cond" truecount="0" falsecount="2"/>
        <line num="57" count="0" type="stmt"/>
        <line num="59" count="0" type="stmt"/>
        <line num="60" count="0" type="stmt"/>
        <line num="64" count="0" type="stmt"/>
        <line num="66" count="0" type="cond" truecount="0" falsecount="2"/>
        <line num="67" count="0" type="stmt"/>
        <line num="70" count="0" type="stmt"/>
        <line num="71" count="0" type="stmt"/>
        <line num="75" count="5" type="stmt"/>
        <line num="76" count="5" type="stmt"/>
        <line num="81" count="5" type="stmt"/>
        <line num="89" count="20" type="stmt"/>
        <line num="116" count="20" type="stmt"/>
        <line num="131" count="4" type="stmt"/>
        <line num="133" count="4" type="stmt"/>
        <line num="135" count="0" type="stmt"/>
      </file>
    </package>
    <package name="src.mocks">
      <metrics statements="0" coveredstatements="0" conditionals="0" coveredconditionals="0" methods="0" coveredmethods="0"/>
      <file name="offers.js" path="C:\Users\Masik\projects\199714-six-cities-4\src\mocks\offers.js">
        <metrics statements="0" coveredstatements="0" conditionals="0" coveredconditionals="0" methods="0" coveredmethods="0"/>
      </file>
      <file name="reviews.js" path="C:\Users\Masik\projects\199714-six-cities-4\src\mocks\reviews.js">
        <metrics statements="0" coveredstatements="0" conditionals="0" coveredconditionals="0" methods="0" coveredmethods="0"/>
      </file>
    </package>
    <package name="src.types">
      <metrics statements="13" coveredstatements="13" conditionals="0" coveredconditionals="0" methods="0" coveredmethods="0"/>
      <file name="types.js" path="C:\Users\Masik\projects\199714-six-cities-4\src\types\types.js">
        <metrics statements="13" coveredstatements="13" conditionals="0" coveredconditionals="0" methods="0" coveredmethods="0"/>
        <line num="4" count="13" type="stmt"/>
        <line num="29" count="13" type="stmt"/>
        <line num="35" count="13" type="stmt"/>
        <line num="46" count="13" type="stmt"/>
        <line num="52" count="13" type="stmt"/>
        <line num="58" count="13" type="stmt"/>
        <line num="65" count="13" type="stmt"/>
        <line num="74" count="13" type="stmt"/>
        <line num="82" count="13" type="stmt"/>
        <line num="90" count="13" type="stmt"/>
        <line num="96" count="13" type="stmt"/>
        <line num="100" count="13" type="stmt"/>
        <line num="104" count="13" type="stmt"/>
      </file>
    </package>
  </project>
</coverage>
