{"C:\\Users\\Masik\\projects\\199714-six-cities-4\\src\\const.js": {"path":"C:\\Users\\Masik\\projects\\199714-six-cities-4\\src\\const.js","statementMap":{"0":{"start":{"line":1,"column":25},"end":{"line":6,"column":1}},"1":{"start":{"line":8,"column":26},"end":{"line":21,"column":1}},"2":{"start":{"line":23,"column":24},"end":{"line":30,"column":1}},"3":{"start":{"line":32,"column":24},"end":{"line":37,"column":1}},"4":{"start":{"line":39,"column":22},"end":{"line":39,"column":45}}},"fnMap":{},"branchMap":{},"s":{"0":14,"1":14,"2":14,"3":14,"4":14},"f":{},"b":{},"_coverageSchema":"1a1c01bbd47fc00a2c39e90264f33305004495a9","hash":"9b0ddf9333ac85c432e54d153a7b675c1e1d219c"}
,"C:\\Users\\Masik\\projects\\199714-six-cities-4\\src\\reducer.js": {"path":"C:\\Users\\Masik\\projects\\199714-six-cities-4\\src\\reducer.js","statementMap":{"0":{"start":{"line":5,"column":26},"end":{"line":9,"column":1}},"1":{"start":{"line":6,"column":2},"end":{"line":8,"column":14}},"2":{"start":{"line":7,"column":23},"end":{"line":7,"column":47}},"3":{"start":{"line":11,"column":24},"end":{"line":22,"column":1}},"4":{"start":{"line":12,"column":2},"end":{"line":21,"column":3}},"5":{"start":{"line":14,"column":6},"end":{"line":14,"column":62}},"6":{"start":{"line":14,"column":43},"end":{"line":14,"column":60}},"7":{"start":{"line":16,"column":6},"end":{"line":16,"column":62}},"8":{"start":{"line":16,"column":43},"end":{"line":16,"column":60}},"9":{"start":{"line":18,"column":6},"end":{"line":18,"column":64}},"10":{"start":{"line":18,"column":43},"end":{"line":18,"column":62}},"11":{"start":{"line":20,"column":6},"end":{"line":20,"column":20}},"12":{"start":{"line":24,"column":21},"end":{"line":29,"column":1}},"13":{"start":{"line":31,"column":19},"end":{"line":36,"column":1}},"14":{"start":{"line":38,"column":22},"end":{"line":55,"column":1}},"15":{"start":{"line":39,"column":27},"end":{"line":42,"column":3}},"16":{"start":{"line":43,"column":26},"end":{"line":46,"column":3}},"17":{"start":{"line":47,"column":29},"end":{"line":50,"column":3}},"18":{"start":{"line":51,"column":29},"end":{"line":54,"column":3}},"19":{"start":{"line":57,"column":16},"end":{"line":90,"column":1}},"20":{"start":{"line":58,"column":2},"end":{"line":88,"column":3}},"21":{"start":{"line":60,"column":6},"end":{"line":62,"column":7}},"22":{"start":{"line":61,"column":8},"end":{"line":61,"column":40}},"23":{"start":{"line":64,"column":6},"end":{"line":66,"column":9}},"24":{"start":{"line":65,"column":47},"end":{"line":65,"column":79}},"25":{"start":{"line":69,"column":6},"end":{"line":71,"column":7}},"26":{"start":{"line":70,"column":8},"end":{"line":70,"column":40}},"27":{"start":{"line":73,"column":6},"end":{"line":75,"column":9}},"28":{"start":{"line":78,"column":6},"end":{"line":82,"column":9}},"29":{"start":{"line":85,"column":6},"end":{"line":87,"column":9}},"30":{"start":{"line":89,"column":2},"end":{"line":89,"column":15}}},"fnMap":{"0":{"name":"(anonymous_0)","decl":{"start":{"line":5,"column":26},"end":{"line":5,"column":27}},"loc":{"start":{"line":5,"column":46},"end":{"line":9,"column":1}},"line":5},"1":{"name":"(anonymous_1)","decl":{"start":{"line":7,"column":12},"end":{"line":7,"column":13}},"loc":{"start":{"line":7,"column":23},"end":{"line":7,"column":47}},"line":7},"2":{"name":"(anonymous_2)","decl":{"start":{"line":11,"column":24},"end":{"line":11,"column":25}},"loc":{"start":{"line":11,"column":46},"end":{"line":22,"column":1}},"line":11},"3":{"name":"(anonymous_3)","decl":{"start":{"line":14,"column":33},"end":{"line":14,"column":34}},"loc":{"start":{"line":14,"column":43},"end":{"line":14,"column":60}},"line":14},"4":{"name":"(anonymous_4)","decl":{"start":{"line":16,"column":33},"end":{"line":16,"column":34}},"loc":{"start":{"line":16,"column":43},"end":{"line":16,"column":60}},"line":16},"5":{"name":"(anonymous_5)","decl":{"start":{"line":18,"column":33},"end":{"line":18,"column":34}},"loc":{"start":{"line":18,"column":43},"end":{"line":18,"column":62}},"line":18},"6":{"name":"(anonymous_6)","decl":{"start":{"line":39,"column":14},"end":{"line":39,"column":15}},"loc":{"start":{"line":39,"column":27},"end":{"line":42,"column":3}},"line":39},"7":{"name":"(anonymous_7)","decl":{"start":{"line":43,"column":13},"end":{"line":43,"column":14}},"loc":{"start":{"line":43,"column":26},"end":{"line":46,"column":3}},"line":43},"8":{"name":"(anonymous_8)","decl":{"start":{"line":47,"column":14},"end":{"line":47,"column":15}},"loc":{"start":{"line":47,"column":29},"end":{"line":50,"column":3}},"line":47},"9":{"name":"(anonymous_9)","decl":{"start":{"line":51,"column":17},"end":{"line":51,"column":18}},"loc":{"start":{"line":51,"column":29},"end":{"line":54,"column":3}},"line":51},"10":{"name":"(anonymous_10)","decl":{"start":{"line":57,"column":16},"end":{"line":57,"column":17}},"loc":{"start":{"line":57,"column":50},"end":{"line":90,"column":1}},"line":57},"11":{"name":"(anonymous_11)","decl":{"start":{"line":65,"column":36},"end":{"line":65,"column":37}},"loc":{"start":{"line":65,"column":47},"end":{"line":65,"column":79}},"line":65}},"branchMap":{"0":{"loc":{"start":{"line":12,"column":2},"end":{"line":21,"column":3}},"type":"switch","locations":[{"start":{"line":13,"column":4},"end":{"line":14,"column":62}},{"start":{"line":15,"column":4},"end":{"line":16,"column":62}},{"start":{"line":17,"column":4},"end":{"line":18,"column":64}},{"start":{"line":19,"column":4},"end":{"line":20,"column":20}}],"line":12},"1":{"loc":{"start":{"line":57,"column":17},"end":{"line":57,"column":37}},"type":"default-arg","locations":[{"start":{"line":57,"column":25},"end":{"line":57,"column":37}}],"line":57},"2":{"loc":{"start":{"line":58,"column":2},"end":{"line":88,"column":3}},"type":"switch","locations":[{"start":{"line":59,"column":4},"end":{"line":66,"column":9}},{"start":{"line":68,"column":4},"end":{"line":75,"column":9}},{"start":{"line":77,"column":4},"end":{"line":82,"column":9}},{"start":{"line":84,"column":4},"end":{"line":87,"column":9}}],"line":58},"3":{"loc":{"start":{"line":60,"column":6},"end":{"line":62,"column":7}},"type":"if","locations":[{"start":{"line":60,"column":6},"end":{"line":62,"column":7}},{"start":{"line":60,"column":6},"end":{"line":62,"column":7}}],"line":60},"4":{"loc":{"start":{"line":69,"column":6},"end":{"line":71,"column":7}},"type":"if","locations":[{"start":{"line":69,"column":6},"end":{"line":71,"column":7}},{"start":{"line":69,"column":6},"end":{"line":71,"column":7}}],"line":69},"5":{"loc":{"start":{"line":79,"column":24},"end":{"line":81,"column":65}},"type":"cond-expr","locations":[{"start":{"line":80,"column":12},"end":{"line":80,"column":62}},{"start":{"line":81,"column":12},"end":{"line":81,"column":65}}],"line":79}},"s":{"0":9,"1":3,"2":4,"3":9,"4":3,"5":1,"6":1,"7":1,"8":1,"9":1,"10":1,"11":0,"12":9,"13":9,"14":9,"15":1,"16":1,"17":1,"18":1,"19":9,"20":11,"21":2,"22":0,"23":2,"24":3,"25":2,"26":0,"27":2,"28":4,"29":2,"30":1},"f":{"0":3,"1":4,"2":3,"3":1,"4":1,"5":1,"6":1,"7":1,"8":1,"9":1,"10":11,"11":3},"b":{"0":[1,1,1,0],"1":[1],"2":[2,2,4,2],"3":[0,2],"4":[0,2],"5":[1,3]},"_coverageSchema":"1a1c01bbd47fc00a2c39e90264f33305004495a9","hash":"60f4d0228680f36a5628968715248cf874c91399"}
,"C:\\Users\\Masik\\projects\\199714-six-cities-4\\src\\utils.js": {"path":"C:\\Users\\Masik\\projects\\199714-six-cities-4\\src\\utils.js","statementMap":{"0":{"start":{"line":1,"column":22},"end":{"line":3,"column":1}},"1":{"start":{"line":2,"column":2},"end":{"line":2,"column":33}}},"fnMap":{"0":{"name":"(anonymous_0)","decl":{"start":{"line":1,"column":22},"end":{"line":1,"column":23}},"loc":{"start":{"line":1,"column":32},"end":{"line":3,"column":1}},"line":1}},"branchMap":{},"s":{"0":9,"1":10},"f":{"0":10},"b":{},"_coverageSchema":"1a1c01bbd47fc00a2c39e90264f33305004495a9","hash":"8b46368fd3fb2b3354e5439e4658ee770d5469b0"}
,"C:\\Users\\Masik\\projects\\199714-six-cities-4\\src\\components\\app\\app.jsx": {"path":"C:\\Users\\Masik\\projects\\199714-six-cities-4\\src\\components\\app\\app.jsx","statementMap":{"0":{"start":{"line":9,"column":25},"end":{"line":9,"column":26}},"1":{"start":{"line":13,"column":4},"end":{"line":13,"column":17}},"2":{"start":{"line":15,"column":4},"end":{"line":17,"column":6}},"3":{"start":{"line":19,"column":4},"end":{"line":19,"column":73}},"4":{"start":{"line":23,"column":4},"end":{"line":25,"column":7}},"5":{"start":{"line":34,"column":8},"end":{"line":34,"column":18}},"6":{"start":{"line":36,"column":28},"end":{"line":36,"column":38}},"7":{"start":{"line":38,"column":4},"end":{"line":48,"column":5}},"8":{"start":{"line":39,"column":6},"end":{"line":47,"column":8}},"9":{"start":{"line":50,"column":4},"end":{"line":59,"column":5}},"10":{"start":{"line":51,"column":6},"end":{"line":58,"column":8}},"11":{"start":{"line":61,"column":4},"end":{"line":61,"column":16}},"12":{"start":{"line":65,"column":31},"end":{"line":65,"column":41}},"13":{"start":{"line":66,"column":4},"end":{"line":82,"column":6}},"14":{"start":{"line":86,"column":0},"end":{"line":86,"column":25}},"15":{"start":{"line":88,"column":24},"end":{"line":94,"column":2}},"16":{"start":{"line":88,"column":36},"end":{"line":94,"column":1}},"17":{"start":{"line":92,"column":18},"end":{"line":92,"column":28}},"18":{"start":{"line":96,"column":27},"end":{"line":101,"column":2}},"19":{"start":{"line":96,"column":42},"end":{"line":101,"column":1}},"20":{"start":{"line":98,"column":4},"end":{"line":98,"column":45}},"21":{"start":{"line":99,"column":4},"end":{"line":99,"column":44}}},"fnMap":{"0":{"name":"(anonymous_0)","decl":{"start":{"line":12,"column":2},"end":{"line":12,"column":3}},"loc":{"start":{"line":12,"column":21},"end":{"line":20,"column":3}},"line":12},"1":{"name":"(anonymous_1)","decl":{"start":{"line":22,"column":2},"end":{"line":22,"column":3}},"loc":{"start":{"line":22,"column":32},"end":{"line":26,"column":3}},"line":22},"2":{"name":"(anonymous_2)","decl":{"start":{"line":28,"column":2},"end":{"line":28,"column":3}},"loc":{"start":{"line":28,"column":15},"end":{"line":62,"column":3}},"line":28},"3":{"name":"(anonymous_3)","decl":{"start":{"line":64,"column":2},"end":{"line":64,"column":3}},"loc":{"start":{"line":64,"column":11},"end":{"line":83,"column":3}},"line":64},"4":{"name":"(anonymous_4)","decl":{"start":{"line":88,"column":24},"end":{"line":88,"column":25}},"loc":{"start":{"line":88,"column":36},"end":{"line":94,"column":1}},"line":88},"5":{"name":"(anonymous_5)","decl":{"start":{"line":92,"column":7},"end":{"line":92,"column":8}},"loc":{"start":{"line":92,"column":18},"end":{"line":92,"column":28}},"line":92},"6":{"name":"(anonymous_6)","decl":{"start":{"line":96,"column":27},"end":{"line":96,"column":28}},"loc":{"start":{"line":96,"column":42},"end":{"line":101,"column":1}},"line":96},"7":{"name":"(anonymous_7)","decl":{"start":{"line":97,"column":2},"end":{"line":97,"column":3}},"loc":{"start":{"line":97,"column":24},"end":{"line":100,"column":3}},"line":97}},"branchMap":{"0":{"loc":{"start":{"line":38,"column":4},"end":{"line":48,"column":5}},"type":"if","locations":[{"start":{"line":38,"column":4},"end":{"line":48,"column":5}},{"start":{"line":38,"column":4},"end":{"line":48,"column":5}}],"line":38},"1":{"loc":{"start":{"line":50,"column":4},"end":{"line":59,"column":5}},"type":"if","locations":[{"start":{"line":50,"column":4},"end":{"line":59,"column":5}},{"start":{"line":50,"column":4},"end":{"line":59,"column":5}}],"line":50}},"s":{"0":1,"1":1,"2":1,"3":1,"4":0,"5":1,"6":1,"7":1,"8":1,"9":0,"10":0,"11":0,"12":1,"13":1,"14":1,"15":1,"16":0,"17":0,"18":1,"19":0,"20":0,"21":0},"f":{"0":1,"1":0,"2":1,"3":1,"4":0,"5":0,"6":0,"7":0},"b":{"0":[1,0],"1":[0,0]},"_coverageSchema":"1a1c01bbd47fc00a2c39e90264f33305004495a9","hash":"93dcbdb1f7ae2126371063252142ae624025c4ef"}
,"C:\\Users\\Masik\\projects\\199714-six-cities-4\\src\\components\\city-list\\city-list.jsx": {"path":"C:\\Users\\Masik\\projects\\199714-six-cities-4\\src\\components\\city-list\\city-list.jsx","statementMap":{"0":{"start":{"line":4,"column":17},"end":{"line":27,"column":1}},"1":{"start":{"line":5,"column":26},"end":{"line":8,"column":3}},"2":{"start":{"line":6,"column":4},"end":{"line":6,"column":25}},"3":{"start":{"line":7,"column":4},"end":{"line":7,"column":26}},"4":{"start":{"line":10,"column":2},"end":{"line":26,"column":4}},"5":{"start":{"line":14,"column":10},"end":{"line":22,"column":15}},"6":{"start":{"line":18,"column":31},"end":{"line":18,"column":60}},"7":{"start":{"line":29,"column":0},"end":{"line":29,"column":35}}},"fnMap":{"0":{"name":"(anonymous_0)","decl":{"start":{"line":4,"column":17},"end":{"line":4,"column":18}},"loc":{"start":{"line":4,"column":64},"end":{"line":27,"column":1}},"line":4},"1":{"name":"(anonymous_1)","decl":{"start":{"line":5,"column":26},"end":{"line":5,"column":27}},"loc":{"start":{"line":5,"column":41},"end":{"line":8,"column":3}},"line":5},"2":{"name":"(anonymous_2)","decl":{"start":{"line":13,"column":23},"end":{"line":13,"column":24}},"loc":{"start":{"line":14,"column":10},"end":{"line":22,"column":15}},"line":14},"3":{"name":"(anonymous_3)","decl":{"start":{"line":18,"column":23},"end":{"line":18,"column":24}},"loc":{"start":{"line":18,"column":31},"end":{"line":18,"column":60}},"line":18}},"branchMap":{"0":{"loc":{"start":{"line":16,"column":60},"end":{"line":16,"column":113}},"type":"cond-expr","locations":[{"start":{"line":16,"column":88},"end":{"line":16,"column":108}},{"start":{"line":16,"column":111},"end":{"line":16,"column":113}}],"line":16}},"s":{"0":5,"1":6,"2":2,"3":2,"4":6,"5":9,"6":2,"7":5},"f":{"0":6,"1":2,"2":9,"3":2},"b":{"0":[6,3]},"_coverageSchema":"1a1c01bbd47fc00a2c39e90264f33305004495a9","hash":"10255eb3780b0459308452cfbb1a9a6c8f0696e6"}
,"C:\\Users\\Masik\\projects\\199714-six-cities-4\\src\\components\\main\\main.jsx": {"path":"C:\\Users\\Masik\\projects\\199714-six-cities-4\\src\\components\\main\\main.jsx","statementMap":{"0":{"start":{"line":8,"column":13},"end":{"line":74,"column":1}},"1":{"start":{"line":15,"column":2},"end":{"line":73,"column":4}},"2":{"start":{"line":76,"column":0},"end":{"line":76,"column":27}}},"fnMap":{"0":{"name":"(anonymous_0)","decl":{"start":{"line":8,"column":13},"end":{"line":8,"column":14}},"loc":{"start":{"line":14,"column":6},"end":{"line":74,"column":1}},"line":14}},"branchMap":{},"s":{"0":3,"1":4,"2":3},"f":{"0":4},"b":{},"_coverageSchema":"1a1c01bbd47fc00a2c39e90264f33305004495a9","hash":"803f2e9f87905557f07e545a0d84542be4a13202"}
,"C:\\Users\\Masik\\projects\\199714-six-cities-4\\src\\components\\map\\map.jsx": {"path":"C:\\Users\\Masik\\projects\\199714-six-cities-4\\src\\components\\map\\map.jsx","statementMap":{"0":{"start":{"line":8,"column":4},"end":{"line":8,"column":17}},"1":{"start":{"line":10,"column":4},"end":{"line":10,"column":31}},"2":{"start":{"line":12,"column":4},"end":{"line":12,"column":26}},"3":{"start":{"line":16,"column":23},"end":{"line":16,"column":43}},"4":{"start":{"line":18,"column":4},"end":{"line":20,"column":5}},"5":{"start":{"line":19,"column":6},"end":{"line":19,"column":13}},"6":{"start":{"line":22,"column":4},"end":{"line":24,"column":5}},"7":{"start":{"line":23,"column":6},"end":{"line":23,"column":30}},"8":{"start":{"line":26,"column":17},"end":{"line":26,"column":19}},"9":{"start":{"line":28,"column":45},"end":{"line":28,"column":55}},"10":{"start":{"line":30,"column":4},"end":{"line":35,"column":7}},"11":{"start":{"line":37,"column":4},"end":{"line":37,"column":45}},"12":{"start":{"line":39,"column":4},"end":{"line":42,"column":31}},"13":{"start":{"line":44,"column":17},"end":{"line":47,"column":6}},"14":{"start":{"line":49,"column":23},"end":{"line":52,"column":6}},"15":{"start":{"line":54,"column":4},"end":{"line":60,"column":7}},"16":{"start":{"line":55,"column":6},"end":{"line":59,"column":31}},"17":{"start":{"line":65,"column":4},"end":{"line":65,"column":22}},"18":{"start":{"line":69,"column":4},"end":{"line":69,"column":22}},"19":{"start":{"line":73,"column":4},"end":{"line":73,"column":28}},"20":{"start":{"line":74,"column":4},"end":{"line":74,"column":26}},"21":{"start":{"line":78,"column":4},"end":{"line":80,"column":6}},"22":{"start":{"line":84,"column":0},"end":{"line":84,"column":25}},"23":{"start":{"line":86,"column":24},"end":{"line":88,"column":2}},"24":{"start":{"line":86,"column":36},"end":{"line":88,"column":1}}},"fnMap":{"0":{"name":"(anonymous_0)","decl":{"start":{"line":7,"column":2},"end":{"line":7,"column":3}},"loc":{"start":{"line":7,"column":21},"end":{"line":13,"column":3}},"line":7},"1":{"name":"(anonymous_1)","decl":{"start":{"line":15,"column":2},"end":{"line":15,"column":3}},"loc":{"start":{"line":15,"column":15},"end":{"line":62,"column":3}},"line":15},"2":{"name":"(anonymous_2)","decl":{"start":{"line":54,"column":19},"end":{"line":54,"column":20}},"loc":{"start":{"line":54,"column":30},"end":{"line":60,"column":5}},"line":54},"3":{"name":"(anonymous_3)","decl":{"start":{"line":64,"column":2},"end":{"line":64,"column":3}},"loc":{"start":{"line":64,"column":22},"end":{"line":66,"column":3}},"line":64},"4":{"name":"(anonymous_4)","decl":{"start":{"line":68,"column":2},"end":{"line":68,"column":3}},"loc":{"start":{"line":68,"column":23},"end":{"line":70,"column":3}},"line":68},"5":{"name":"(anonymous_5)","decl":{"start":{"line":72,"column":2},"end":{"line":72,"column":3}},"loc":{"start":{"line":72,"column":25},"end":{"line":75,"column":3}},"line":72},"6":{"name":"(anonymous_6)","decl":{"start":{"line":77,"column":2},"end":{"line":77,"column":3}},"loc":{"start":{"line":77,"column":11},"end":{"line":81,"column":3}},"line":77},"7":{"name":"(anonymous_7)","decl":{"start":{"line":86,"column":24},"end":{"line":86,"column":25}},"loc":{"start":{"line":86,"column":36},"end":{"line":88,"column":1}},"line":86}},"branchMap":{"0":{"loc":{"start":{"line":18,"column":4},"end":{"line":20,"column":5}},"type":"if","locations":[{"start":{"line":18,"column":4},"end":{"line":20,"column":5}},{"start":{"line":18,"column":4},"end":{"line":20,"column":5}}],"line":18},"1":{"loc":{"start":{"line":22,"column":4},"end":{"line":24,"column":5}},"type":"if","locations":[{"start":{"line":22,"column":4},"end":{"line":24,"column":5}},{"start":{"line":22,"column":4},"end":{"line":24,"column":5}}],"line":22},"2":{"loc":{"start":{"line":57,"column":16},"end":{"line":57,"column":56}},"type":"cond-expr","locations":[{"start":{"line":57,"column":39},"end":{"line":57,"column":49}},{"start":{"line":57,"column":52},"end":{"line":57,"column":56}}],"line":57}},"s":{"0":6,"1":6,"2":6,"3":6,"4":6,"5":0,"6":6,"7":0,"8":6,"9":6,"10":6,"11":6,"12":6,"13":6,"14":6,"15":6,"16":7,"17":6,"18":0,"19":0,"20":0,"21":6,"22":5,"23":5,"24":5},"f":{"0":6,"1":6,"2":7,"3":6,"4":0,"5":0,"6":6,"7":5},"b":{"0":[0,6],"1":[0,6],"2":[0,7]},"_coverageSchema":"1a1c01bbd47fc00a2c39e90264f33305004495a9","hash":"3f809779fea94c39fb059513747b33c59e39ae41"}
,"C:\\Users\\Masik\\projects\\199714-six-cities-4\\src\\components\\offer-card\\offer-card.jsx": {"path":"C:\\Users\\Masik\\projects\\199714-six-cities-4\\src\\components\\offer-card\\offer-card.jsx","statementMap":{"0":{"start":{"line":6,"column":18},"end":{"line":75,"column":1}},"1":{"start":{"line":7,"column":59},"end":{"line":7,"column":64}},"2":{"start":{"line":9,"column":31},"end":{"line":14,"column":3}},"3":{"start":{"line":10,"column":4},"end":{"line":12,"column":5}},"4":{"start":{"line":11,"column":6},"end":{"line":11,"column":13}},"5":{"start":{"line":13,"column":4},"end":{"line":13,"column":28}},"6":{"start":{"line":16,"column":31},"end":{"line":21,"column":3}},"7":{"start":{"line":17,"column":4},"end":{"line":19,"column":5}},"8":{"start":{"line":18,"column":6},"end":{"line":18,"column":13}},"9":{"start":{"line":20,"column":4},"end":{"line":20,"column":23}},"10":{"start":{"line":23,"column":27},"end":{"line":26,"column":3}},"11":{"start":{"line":24,"column":4},"end":{"line":24,"column":25}},"12":{"start":{"line":25,"column":4},"end":{"line":25,"column":29}},"13":{"start":{"line":28,"column":2},"end":{"line":74,"column":4}},"14":{"start":{"line":77,"column":0},"end":{"line":77,"column":37}},"15":{"start":{"line":79,"column":27},"end":{"line":86,"column":2}},"16":{"start":{"line":79,"column":42},"end":{"line":86,"column":1}},"17":{"start":{"line":81,"column":4},"end":{"line":81,"column":49}},"18":{"start":{"line":84,"column":4},"end":{"line":84,"column":48}}},"fnMap":{"0":{"name":"(anonymous_0)","decl":{"start":{"line":6,"column":18},"end":{"line":6,"column":19}},"loc":{"start":{"line":6,"column":94},"end":{"line":75,"column":1}},"line":6},"1":{"name":"(anonymous_1)","decl":{"start":{"line":9,"column":31},"end":{"line":9,"column":32}},"loc":{"start":{"line":9,"column":37},"end":{"line":14,"column":3}},"line":9},"2":{"name":"(anonymous_2)","decl":{"start":{"line":16,"column":31},"end":{"line":16,"column":32}},"loc":{"start":{"line":16,"column":37},"end":{"line":21,"column":3}},"line":16},"3":{"name":"(anonymous_3)","decl":{"start":{"line":23,"column":27},"end":{"line":23,"column":28}},"loc":{"start":{"line":23,"column":36},"end":{"line":26,"column":3}},"line":23},"4":{"name":"(anonymous_4)","decl":{"start":{"line":79,"column":27},"end":{"line":79,"column":28}},"loc":{"start":{"line":79,"column":42},"end":{"line":86,"column":1}},"line":79},"5":{"name":"(anonymous_5)","decl":{"start":{"line":80,"column":2},"end":{"line":80,"column":3}},"loc":{"start":{"line":80,"column":26},"end":{"line":82,"column":3}},"line":80},"6":{"name":"(anonymous_6)","decl":{"start":{"line":83,"column":2},"end":{"line":83,"column":3}},"loc":{"start":{"line":83,"column":21},"end":{"line":85,"column":3}},"line":83}},"branchMap":{"0":{"loc":{"start":{"line":10,"column":4},"end":{"line":12,"column":5}},"type":"if","locations":[{"start":{"line":10,"column":4},"end":{"line":12,"column":5}},{"start":{"line":10,"column":4},"end":{"line":12,"column":5}}],"line":10},"1":{"loc":{"start":{"line":17,"column":4},"end":{"line":19,"column":5}},"type":"if","locations":[{"start":{"line":17,"column":4},"end":{"line":19,"column":5}},{"start":{"line":17,"column":4},"end":{"line":19,"column":5}}],"line":17},"2":{"loc":{"start":{"line":30,"column":31},"end":{"line":30,"column":82}},"type":"cond-expr","locations":[{"start":{"line":30,"column":40},"end":{"line":30,"column":59}},{"start":{"line":30,"column":62},"end":{"line":30,"column":82}}],"line":30},"3":{"loc":{"start":{"line":35,"column":8},"end":{"line":37,"column":14}},"type":"binary-expr","locations":[{"start":{"line":35,"column":8},"end":{"line":35,"column":17}},{"start":{"line":35,"column":21},"end":{"line":37,"column":14}}],"line":35},"4":{"loc":{"start":{"line":39,"column":51},"end":{"line":39,"column":114}},"type":"cond-expr","locations":[{"start":{"line":39,"column":60},"end":{"line":39,"column":88}},{"start":{"line":39,"column":91},"end":{"line":39,"column":114}}],"line":39}},"s":{"0":7,"1":11,"2":11,"3":1,"4":0,"5":1,"6":11,"7":1,"8":0,"9":1,"10":11,"11":2,"12":2,"13":11,"14":7,"15":7,"16":7,"17":0,"18":0},"f":{"0":11,"1":1,"2":1,"3":2,"4":7,"5":0,"6":0},"b":{"0":[0,1],"1":[0,1],"2":[2,9],"3":[11,11],"4":[2,9]},"_coverageSchema":"1a1c01bbd47fc00a2c39e90264f33305004495a9","hash":"68b3ab90d53e1d85a59331d863ed5743396a428c"}
,"C:\\Users\\Masik\\projects\\199714-six-cities-4\\src\\components\\offer-list\\offer-list.jsx": {"path":"C:\\Users\\Masik\\projects\\199714-six-cities-4\\src\\components\\offer-list\\offer-list.jsx","statementMap":{"0":{"start":{"line":5,"column":18},"end":{"line":19,"column":1}},"1":{"start":{"line":6,"column":2},"end":{"line":18,"column":4}},"2":{"start":{"line":9,"column":8},"end":{"line":15,"column":10}},"3":{"start":{"line":21,"column":0},"end":{"line":24,"column":2}},"4":{"start":{"line":26,"column":0},"end":{"line":26,"column":37}}},"fnMap":{"0":{"name":"(anonymous_0)","decl":{"start":{"line":5,"column":18},"end":{"line":5,"column":19}},"loc":{"start":{"line":5,"column":88},"end":{"line":19,"column":1}},"line":5},"1":{"name":"(anonymous_1)","decl":{"start":{"line":8,"column":18},"end":{"line":8,"column":19}},"loc":{"start":{"line":9,"column":8},"end":{"line":15,"column":10}},"line":9},"2":{"name":"(anonymous_2)","decl":{"start":{"line":22,"column":20},"end":{"line":22,"column":21}},"loc":{"start":{"line":22,"column":26},"end":{"line":22,"column":28}},"line":22}},"branchMap":{},"s":{"0":5,"1":6,"2":7,"3":5,"4":5},"f":{"0":6,"1":7,"2":0},"b":{},"_coverageSchema":"1a1c01bbd47fc00a2c39e90264f33305004495a9","hash":"d46a0dec40ab3858fcb24208df438869b308d9f5"}
,"C:\\Users\\Masik\\projects\\199714-six-cities-4\\src\\components\\offer-page\\offer-page.jsx": {"path":"C:\\Users\\Masik\\projects\\199714-six-cities-4\\src\\components\\offer-page\\offer-page.jsx","statementMap":{"0":{"start":{"line":8,"column":27},"end":{"line":8,"column":28}},"1":{"start":{"line":9,"column":18},"end":{"line":217,"column":1}},"2":{"start":{"line":24,"column":6},"end":{"line":24,"column":11}},"3":{"start":{"line":26,"column":26},"end":{"line":26,"column":66}},"4":{"start":{"line":26,"column":48},"end":{"line":26,"column":65}},"5":{"start":{"line":27,"column":25},"end":{"line":27,"column":68}},"6":{"start":{"line":27,"column":53},"end":{"line":27,"column":67}},"7":{"start":{"line":28,"column":2},"end":{"line":216,"column":4}},"8":{"start":{"line":61,"column":18},"end":{"line":65,"column":20}},"9":{"start":{"line":117,"column":22},"end":{"line":121,"column":24}},"10":{"start":{"line":139,"column":22},"end":{"line":143,"column":24}},"11":{"start":{"line":219,"column":0},"end":{"line":219,"column":37}}},"fnMap":{"0":{"name":"(anonymous_0)","decl":{"start":{"line":9,"column":18},"end":{"line":9,"column":19}},"loc":{"start":{"line":9,"column":68},"end":{"line":217,"column":1}},"line":9},"1":{"name":"(anonymous_1)","decl":{"start":{"line":26,"column":38},"end":{"line":26,"column":39}},"loc":{"start":{"line":26,"column":48},"end":{"line":26,"column":65}},"line":26},"2":{"name":"(anonymous_2)","decl":{"start":{"line":27,"column":43},"end":{"line":27,"column":44}},"loc":{"start":{"line":27,"column":53},"end":{"line":27,"column":67}},"line":27},"3":{"name":"(anonymous_3)","decl":{"start":{"line":60,"column":21},"end":{"line":60,"column":22}},"loc":{"start":{"line":60,"column":41},"end":{"line":66,"column":17}},"line":60},"4":{"name":"(anonymous_4)","decl":{"start":{"line":116,"column":33},"end":{"line":116,"column":34}},"loc":{"start":{"line":116,"column":53},"end":{"line":122,"column":21}},"line":116},"5":{"name":"(anonymous_5)","decl":{"start":{"line":138,"column":36},"end":{"line":138,"column":37}},"loc":{"start":{"line":138,"column":53},"end":{"line":144,"column":21}},"line":138}},"branchMap":{"0":{"loc":{"start":{"line":73,"column":16},"end":{"line":76,"column":22}},"type":"binary-expr","locations":[{"start":{"line":73,"column":16},"end":{"line":73,"column":25}},{"start":{"line":74,"column":16},"end":{"line":76,"column":22}}],"line":73},"1":{"loc":{"start":{"line":129,"column":62},"end":{"line":129,"column":109}},"type":"binary-expr","locations":[{"start":{"line":129,"column":62},"end":{"line":129,"column":74}},{"start":{"line":129,"column":78},"end":{"line":129,"column":109}}],"line":129}},"s":{"0":2,"1":2,"2":1,"3":1,"4":2,"5":1,"6":2,"7":1,"8":6,"9":10,"10":2,"11":2},"f":{"0":1,"1":2,"2":2,"3":6,"4":10,"5":2},"b":{"0":[1,1],"1":[1,1]},"_coverageSchema":"1a1c01bbd47fc00a2c39e90264f33305004495a9","hash":"220637a3578f2dc72685c0dfa82c6862018e7505"}
,"C:\\Users\\Masik\\projects\\199714-six-cities-4\\src\\components\\review-card\\review-card.jsx": {"path":"C:\\Users\\Masik\\projects\\199714-six-cities-4\\src\\components\\review-card\\review-card.jsx","statementMap":{"0":{"start":{"line":5,"column":19},"end":{"line":35,"column":1}},"1":{"start":{"line":6,"column":46},"end":{"line":6,"column":52}},"2":{"start":{"line":8,"column":27},"end":{"line":11,"column":3}},"3":{"start":{"line":9,"column":17},"end":{"line":9,"column":34}},"4":{"start":{"line":10,"column":4},"end":{"line":10,"column":66}},"5":{"start":{"line":13,"column":2},"end":{"line":34,"column":4}},"6":{"start":{"line":37,"column":0},"end":{"line":37,"column":39}}},"fnMap":{"0":{"name":"(anonymous_0)","decl":{"start":{"line":5,"column":19},"end":{"line":5,"column":20}},"loc":{"start":{"line":5,"column":33},"end":{"line":35,"column":1}},"line":5},"1":{"name":"(anonymous_1)","decl":{"start":{"line":8,"column":27},"end":{"line":8,"column":28}},"loc":{"start":{"line":8,"column":40},"end":{"line":11,"column":3}},"line":8}},"branchMap":{},"s":{"0":4,"1":5,"2":5,"3":5,"4":5,"5":5,"6":4},"f":{"0":5,"1":5},"b":{},"_coverageSchema":"1a1c01bbd47fc00a2c39e90264f33305004495a9","hash":"3e666527fb393f065b0db8451c32aec8329cb727"}
,"C:\\Users\\Masik\\projects\\199714-six-cities-4\\src\\components\\review-list\\review-list.jsx": {"path":"C:\\Users\\Masik\\projects\\199714-six-cities-4\\src\\components\\review-list\\review-list.jsx","statementMap":{"0":{"start":{"line":5,"column":26},"end":{"line":5,"column":28}},"1":{"start":{"line":6,"column":19},"end":{"line":29,"column":1}},"2":{"start":{"line":7,"column":2},"end":{"line":28,"column":4}},"3":{"start":{"line":16,"column":14},"end":{"line":16,"column":79}},"4":{"start":{"line":19,"column":14},"end":{"line":21,"column":16}},"5":{"start":{"line":31,"column":0},"end":{"line":31,"column":39}}},"fnMap":{"0":{"name":"(anonymous_0)","decl":{"start":{"line":6,"column":19},"end":{"line":6,"column":20}},"loc":{"start":{"line":6,"column":34},"end":{"line":29,"column":1}},"line":6},"1":{"name":"(anonymous_1)","decl":{"start":{"line":15,"column":18},"end":{"line":15,"column":19}},"loc":{"start":{"line":15,"column":61},"end":{"line":17,"column":13}},"line":15},"2":{"name":"(anonymous_2)","decl":{"start":{"line":18,"column":17},"end":{"line":18,"column":18}},"loc":{"start":{"line":18,"column":29},"end":{"line":22,"column":13}},"line":18}},"branchMap":{"0":{"loc":{"start":{"line":10,"column":7},"end":{"line":25,"column":14}},"type":"cond-expr","locations":[{"start":{"line":11,"column":8},"end":{"line":24,"column":13}},{"start":{"line":25,"column":10},"end":{"line":25,"column":14}}],"line":10}},"s":{"0":3,"1":3,"2":2,"3":2,"4":4,"5":3},"f":{"0":2,"1":2,"2":4},"b":{"0":[2,0]},"_coverageSchema":"1a1c01bbd47fc00a2c39e90264f33305004495a9","hash":"32bfbcc10e488ebff183e144c1e30c0582072a40"}
,"C:\\Users\\Masik\\projects\\199714-six-cities-4\\src\\components\\sorting\\sorting.jsx": {"path":"C:\\Users\\Masik\\projects\\199714-six-cities-4\\src\\components\\sorting\\sorting.jsx","statementMap":{"0":{"start":{"line":7,"column":18},"end":{"line":24,"column":1}},"1":{"start":{"line":28,"column":4},"end":{"line":28,"column":17}},"2":{"start":{"line":30,"column":4},"end":{"line":33,"column":6}},"3":{"start":{"line":35,"column":4},"end":{"line":35,"column":61}},"4":{"start":{"line":37,"column":4},"end":{"line":37,"column":34}},"5":{"start":{"line":41,"column":4},"end":{"line":43,"column":8}},"6":{"start":{"line":41,"column":34},"end":{"line":43,"column":5}},"7":{"start":{"line":47,"column":4},"end":{"line":50,"column":7}},"8":{"start":{"line":52,"column":4},"end":{"line":52,"column":34}},"9":{"start":{"line":54,"column":26},"end":{"line":54,"column":49}},"10":{"start":{"line":56,"column":4},"end":{"line":58,"column":5}},"11":{"start":{"line":57,"column":6},"end":{"line":57,"column":13}},"12":{"start":{"line":59,"column":25},"end":{"line":59,"column":35}},"13":{"start":{"line":60,"column":4},"end":{"line":60,"column":37}},"14":{"start":{"line":64,"column":26},"end":{"line":64,"column":49}},"15":{"start":{"line":66,"column":4},"end":{"line":68,"column":5}},"16":{"start":{"line":67,"column":6},"end":{"line":67,"column":13}},"17":{"start":{"line":70,"column":25},"end":{"line":70,"column":35}},"18":{"start":{"line":71,"column":4},"end":{"line":71,"column":37}},"19":{"start":{"line":75,"column":33},"end":{"line":75,"column":43}},"20":{"start":{"line":76,"column":4},"end":{"line":127,"column":6}},"21":{"start":{"line":81,"column":36},"end":{"line":81,"column":60}},"22":{"start":{"line":89,"column":14},"end":{"line":96,"column":19}},"23":{"start":{"line":116,"column":14},"end":{"line":122,"column":23}},"24":{"start":{"line":131,"column":0},"end":{"line":131,"column":33}},"25":{"start":{"line":133,"column":27},"end":{"line":137,"column":2}},"26":{"start":{"line":133,"column":42},"end":{"line":137,"column":1}},"27":{"start":{"line":135,"column":4},"end":{"line":135,"column":49}}},"fnMap":{"0":{"name":"(anonymous_0)","decl":{"start":{"line":27,"column":2},"end":{"line":27,"column":3}},"loc":{"start":{"line":27,"column":21},"end":{"line":38,"column":3}},"line":27},"1":{"name":"(anonymous_1)","decl":{"start":{"line":40,"column":2},"end":{"line":40,"column":3}},"loc":{"start":{"line":40,"column":21},"end":{"line":44,"column":3}},"line":40},"2":{"name":"(anonymous_2)","decl":{"start":{"line":41,"column":18},"end":{"line":41,"column":19}},"loc":{"start":{"line":41,"column":34},"end":{"line":43,"column":5}},"line":41},"3":{"name":"(anonymous_3)","decl":{"start":{"line":46,"column":2},"end":{"line":46,"column":3}},"loc":{"start":{"line":46,"column":29},"end":{"line":61,"column":3}},"line":46},"4":{"name":"(anonymous_4)","decl":{"start":{"line":63,"column":2},"end":{"line":63,"column":3}},"loc":{"start":{"line":63,"column":23},"end":{"line":72,"column":3}},"line":63},"5":{"name":"(anonymous_5)","decl":{"start":{"line":74,"column":2},"end":{"line":74,"column":3}},"loc":{"start":{"line":74,"column":11},"end":{"line":128,"column":3}},"line":74},"6":{"name":"(anonymous_6)","decl":{"start":{"line":81,"column":26},"end":{"line":81,"column":27}},"loc":{"start":{"line":81,"column":36},"end":{"line":81,"column":60}},"line":81},"7":{"name":"(anonymous_7)","decl":{"start":{"line":88,"column":26},"end":{"line":88,"column":27}},"loc":{"start":{"line":89,"column":14},"end":{"line":96,"column":19}},"line":89},"8":{"name":"(anonymous_8)","decl":{"start":{"line":115,"column":26},"end":{"line":115,"column":27}},"loc":{"start":{"line":116,"column":14},"end":{"line":122,"column":23}},"line":116},"9":{"name":"(anonymous_9)","decl":{"start":{"line":133,"column":27},"end":{"line":133,"column":28}},"loc":{"start":{"line":133,"column":42},"end":{"line":137,"column":1}},"line":133},"10":{"name":"(anonymous_10)","decl":{"start":{"line":134,"column":2},"end":{"line":134,"column":3}},"loc":{"start":{"line":134,"column":21},"end":{"line":136,"column":3}},"line":134}},"branchMap":{"0":{"loc":{"start":{"line":56,"column":4},"end":{"line":58,"column":5}},"type":"if","locations":[{"start":{"line":56,"column":4},"end":{"line":58,"column":5}},{"start":{"line":56,"column":4},"end":{"line":58,"column":5}}],"line":56},"1":{"loc":{"start":{"line":66,"column":4},"end":{"line":68,"column":5}},"type":"if","locations":[{"start":{"line":66,"column":4},"end":{"line":68,"column":5}},{"start":{"line":66,"column":4},"end":{"line":68,"column":5}}],"line":66},"2":{"loc":{"start":{"line":86,"column":66},"end":{"line":86,"column":105}},"type":"cond-expr","locations":[{"start":{"line":86,"column":75},"end":{"line":86,"column":100}},{"start":{"line":86,"column":103},"end":{"line":86,"column":105}}],"line":86},"3":{"loc":{"start":{"line":91,"column":45},"end":{"line":91,"column":101}},"type":"cond-expr","locations":[{"start":{"line":91,"column":72},"end":{"line":91,"column":96}},{"start":{"line":91,"column":99},"end":{"line":91,"column":101}}],"line":91}},"s":{"0":4,"1":5,"2":5,"3":5,"4":5,"5":0,"6":0,"7":0,"8":0,"9":0,"10":0,"11":0,"12":0,"13":0,"14":0,"15":0,"16":0,"17":0,"18":0,"19":5,"20":5,"21":5,"22":20,"23":20,"24":4,"25":4,"26":4,"27":0},"f":{"0":5,"1":0,"2":0,"3":0,"4":0,"5":5,"6":5,"7":20,"8":20,"9":4,"10":0},"b":{"0":[0,0],"1":[0,0],"2":[0,5],"3":[5,15]},"_coverageSchema":"1a1c01bbd47fc00a2c39e90264f33305004495a9","hash":"02907f1fcd858362036dfb6fb0ad7ad8767c8910"}
,"C:\\Users\\Masik\\projects\\199714-six-cities-4\\src\\mocks\\offers.js": {"path":"C:\\Users\\Masik\\projects\\199714-six-cities-4\\src\\mocks\\offers.js","statementMap":{},"fnMap":{},"branchMap":{},"s":{},"f":{},"b":{},"_coverageSchema":"1a1c01bbd47fc00a2c39e90264f33305004495a9","hash":"5e349bfc569797d3c8eb6ce4aebc5d5042ee35fc"}
,"C:\\Users\\Masik\\projects\\199714-six-cities-4\\src\\mocks\\reviews.js": {"path":"C:\\Users\\Masik\\projects\\199714-six-cities-4\\src\\mocks\\reviews.js","statementMap":{},"fnMap":{},"branchMap":{},"s":{},"f":{},"b":{},"_coverageSchema":"1a1c01bbd47fc00a2c39e90264f33305004495a9","hash":"93d24c0e599e22eb7dabc4a0ab53e6956ace13dc"}
,"C:\\Users\\Masik\\projects\\199714-six-cities-4\\src\\types\\types.js": {"path":"C:\\Users\\Masik\\projects\\199714-six-cities-4\\src\\types\\types.js","statementMap":{"0":{"start":{"line":4,"column":26},"end":{"line":27,"column":2}},"1":{"start":{"line":29,"column":25},"end":{"line":33,"column":2}},"2":{"start":{"line":35,"column":27},"end":{"line":44,"column":2}},"3":{"start":{"line":46,"column":24},"end":{"line":50,"column":1}},"4":{"start":{"line":52,"column":29},"end":{"line":56,"column":1}},"5":{"start":{"line":58,"column":25},"end":{"line":63,"column":1}},"6":{"start":{"line":65,"column":24},"end":{"line":72,"column":1}},"7":{"start":{"line":74,"column":30},"end":{"line":80,"column":1}},"8":{"start":{"line":82,"column":30},"end":{"line":88,"column":1}},"9":{"start":{"line":90,"column":30},"end":{"line":94,"column":1}},"10":{"start":{"line":96,"column":31},"end":{"line":98,"column":1}},"11":{"start":{"line":100,"column":31},"end":{"line":102,"column":1}},"12":{"start":{"line":104,"column":28},"end":{"line":106,"column":1}}},"fnMap":{},"branchMap":{},"s":{"0":13,"1":13,"2":13,"3":13,"4":13,"5":13,"6":13,"7":13,"8":13,"9":13,"10":13,"11":13,"12":13},"f":{},"b":{},"_coverageSchema":"1a1c01bbd47fc00a2c39e90264f33305004495a9","hash":"c109c96c15f512b74d2321b98240803e7a5bfeaa"}
}
