TN:
SF:src\const.js
FNF:0
FNH:0
DA:1,14
DA:8,14
DA:23,14
DA:32,14
DA:39,14
LF:5
LH:5
BRF:0
BRH:0
end_of_record
TN:
SF:src\reducer.js
FN:5,(anonymous_0)
FN:7,(anonymous_1)
FN:11,(anonymous_2)
FN:14,(anonymous_3)
FN:16,(anonymous_4)
FN:18,(anonymous_5)
FN:39,(anonymous_6)
FN:43,(anonymous_7)
FN:47,(anonymous_8)
FN:51,(anonymous_9)
FN:57,(anonymous_10)
FN:65,(anonymous_11)
FNF:12
FNH:12
FNDA:3,(anonymous_0)
FNDA:4,(anonymous_1)
FNDA:3,(anonymous_2)
FNDA:1,(anonymous_3)
FNDA:1,(anonymous_4)
FNDA:1,(anonymous_5)
FNDA:1,(anonymous_6)
FNDA:1,(anonymous_7)
FNDA:1,(anonymous_8)
FNDA:1,(anonymous_9)
FNDA:11,(anonymous_10)
FNDA:3,(anonymous_11)
DA:5,9
DA:6,3
DA:7,4
DA:11,9
DA:12,3
DA:14,1
DA:16,1
DA:18,1
DA:20,0
DA:24,9
DA:31,9
DA:38,9
DA:39,1
DA:43,1
DA:47,1
DA:51,1
DA:57,9
DA:58,11
DA:60,2
DA:61,0
DA:64,2
DA:65,3
DA:69,2
DA:70,0
DA:73,2
DA:78,4
DA:85,2
DA:89,1
LF:28
LH:25
BRDA:12,0,0,1
BRDA:12,0,1,1
BRDA:12,0,2,1
BRDA:12,0,3,0
BRDA:57,1,0,1
BRDA:58,2,0,2
BRDA:58,2,1,2
BRDA:58,2,2,4
BRDA:58,2,3,2
BRDA:60,3,0,0
BRDA:60,3,1,2
BRDA:69,4,0,0
BRDA:69,4,1,2
BRDA:79,5,0,1
BRDA:79,5,1,3
BRF:15
BRH:12
end_of_record
TN:
SF:src\utils.js
FN:1,(anonymous_0)
FNF:1
FNH:1
FNDA:10,(anonymous_0)
DA:1,9
DA:2,10
LF:2
LH:2
BRF:0
BRH:0
end_of_record
TN:
SF:src\components\app\app.jsx
FN:12,(anonymous_0)
FN:22,(anonymous_1)
FN:28,(anonymous_2)
FN:64,(anonymous_3)
FN:88,(anonymous_4)
FN:92,(anonymous_5)
FN:96,(anonymous_6)
FN:97,(anonymous_7)
FNF:8
FNH:3
FNDA:1,(anonymous_0)
FNDA:0,(anonymous_1)
FNDA:1,(anonymous_2)
FNDA:1,(anonymous_3)
FNDA:0,(anonymous_4)
FNDA:0,(anonymous_5)
FNDA:0,(anonymous_6)
FNDA:0,(anonymous_7)
DA:9,1
DA:13,1
DA:15,1
DA:19,1
DA:23,0
DA:34,1
DA:36,1
DA:38,1
DA:39,1
DA:50,0
DA:51,0
DA:61,0
DA:65,1
DA:66,1
DA:86,1
DA:88,1
DA:92,0
DA:96,1
DA:98,0
DA:99,0
LF:20
LH:13
BRDA:38,0,0,1
BRDA:38,0,1,0
BRDA:50,1,0,0
BRDA:50,1,1,0
BRF:4
BRH:1
end_of_record
TN:
SF:src\components\city-list\city-list.jsx
FN:4,(anonymous_0)
FN:5,(anonymous_1)
FN:13,(anonymous_2)
FN:18,(anonymous_3)
FNF:4
FNH:4
FNDA:6,(anonymous_0)
FNDA:2,(anonymous_1)
FNDA:9,(anonymous_2)
FNDA:2,(anonymous_3)
DA:4,5
DA:5,6
DA:6,2
DA:7,2
DA:10,6
DA:14,9
DA:18,2
DA:29,5
LF:8
LH:8
BRDA:16,0,0,6
BRDA:16,0,1,3
BRF:2
BRH:2
end_of_record
TN:
SF:src\components\main\main.jsx
FN:8,(anonymous_0)
FNF:1
FNH:1
FNDA:4,(anonymous_0)
DA:8,3
DA:15,4
DA:76,3
LF:3
LH:3
BRF:0
BRH:0
end_of_record
TN:
SF:src\components\map\map.jsx
FN:7,(anonymous_0)
FN:15,(anonymous_1)
FN:54,(anonymous_2)
FN:64,(anonymous_3)
FN:68,(anonymous_4)
FN:72,(anonymous_5)
FN:77,(anonymous_6)
FN:86,(anonymous_7)
FNF:8
FNH:6
FNDA:6,(anonymous_0)
FNDA:6,(anonymous_1)
FNDA:7,(anonymous_2)
FNDA:6,(anonymous_3)
FNDA:0,(anonymous_4)
FNDA:0,(anonymous_5)
FNDA:6,(anonymous_6)
FNDA:5,(anonymous_7)
DA:8,6
DA:10,6
DA:12,6
DA:16,6
DA:18,6
DA:19,0
DA:22,6
DA:23,0
DA:26,6
DA:28,6
DA:30,6
DA:37,6
DA:39,6
DA:44,6
DA:49,6
DA:54,6
DA:55,7
DA:65,6
DA:69,0
DA:73,0
DA:74,0
DA:78,6
DA:84,5
DA:86,5
LF:24
LH:19
BRDA:18,0,0,0
BRDA:18,0,1,6
BRDA:22,1,0,0
BRDA:22,1,1,6
BRDA:57,2,0,0
BRDA:57,2,1,7
BRF:6
BRH:3
end_of_record
TN:
SF:src\components\offer-card\offer-card.jsx
FN:6,(anonymous_0)
FN:9,(anonymous_1)
FN:16,(anonymous_2)
FN:23,(anonymous_3)
FN:79,(anonymous_4)
FN:80,(anonymous_5)
FN:83,(anonymous_6)
FNF:7
FNH:5
FNDA:11,(anonymous_0)
FNDA:1,(anonymous_1)
FNDA:1,(anonymous_2)
FNDA:2,(anonymous_3)
FNDA:7,(anonymous_4)
FNDA:0,(anonymous_5)
FNDA:0,(anonymous_6)
DA:6,7
DA:7,11
DA:9,11
DA:10,1
DA:11,0
DA:13,1
DA:16,11
DA:17,1
DA:18,0
DA:20,1
DA:23,11
DA:24,2
DA:25,2
DA:28,11
DA:77,7
DA:79,7
DA:81,0
DA:84,0
LF:18
LH:14
BRDA:10,0,0,0
BRDA:10,0,1,1
BRDA:17,1,0,0
BRDA:17,1,1,1
BRDA:30,2,0,2
BRDA:30,2,1,9
BRDA:35,3,0,11
BRDA:35,3,1,11
BRDA:39,4,0,2
BRDA:39,4,1,9
BRF:10
BRH:8
end_of_record
TN:
SF:src\components\offer-list\offer-list.jsx
FN:5,(anonymous_0)
FN:8,(anonymous_1)
FN:22,(anonymous_2)
FNF:3
FNH:2
FNDA:6,(anonymous_0)
FNDA:7,(anonymous_1)
FNDA:0,(anonymous_2)
DA:5,5
DA:6,6
DA:9,7
DA:21,5
DA:26,5
LF:5
LH:5
BRF:0
BRH:0
end_of_record
TN:
SF:src\components\offer-page\offer-page.jsx
FN:9,(anonymous_0)
FN:26,(anonymous_1)
FN:27,(anonymous_2)
FN:60,(anonymous_3)
FN:116,(anonymous_4)
FN:138,(anonymous_5)
FNF:6
FNH:6
FNDA:1,(anonymous_0)
FNDA:2,(anonymous_1)
FNDA:2,(anonymous_2)
FNDA:6,(anonymous_3)
FNDA:10,(anonymous_4)
FNDA:2,(anonymous_5)
DA:8,2
DA:9,2
DA:24,1
DA:26,2
DA:27,2
DA:28,1
DA:61,6
DA:117,10
DA:139,2
DA:219,2
LF:10
LH:10
BRDA:73,0,0,1
BRDA:73,0,1,1
BRDA:129,1,0,1
BRDA:129,1,1,1
BRF:4
BRH:4
end_of_record
TN:
SF:src\components\review-card\review-card.jsx
FN:5,(anonymous_0)
FN:8,(anonymous_1)
FNF:2
FNH:2
FNDA:5,(anonymous_0)
FNDA:5,(anonymous_1)
DA:5,4
DA:6,5
DA:8,5
DA:9,5
DA:10,5
DA:13,5
DA:37,4
LF:7
LH:7
BRF:0
BRH:0
end_of_record
TN:
SF:src\components\review-list\review-list.jsx
FN:6,(anonymous_0)
FN:15,(anonymous_1)
FN:18,(anonymous_2)
FNF:3
FNH:3
FNDA:2,(anonymous_0)
FNDA:2,(anonymous_1)
FNDA:4,(anonymous_2)
DA:5,3
DA:6,3
DA:7,2
DA:16,2
DA:19,4
DA:31,3
LF:6
LH:6
BRDA:10,0,0,2
BRDA:10,0,1,0
BRF:2
BRH:1
end_of_record
TN:
SF:src\components\sorting\sorting.jsx
FN:27,(anonymous_0)
FN:40,(anonymous_1)
FN:41,(anonymous_2)
FN:46,(anonymous_3)
FN:63,(anonymous_4)
FN:74,(anonymous_5)
FN:81,(anonymous_6)
FN:88,(anonymous_7)
FN:115,(anonymous_8)
FN:133,(anonymous_9)
FN:134,(anonymous_10)
FNF:11
FNH:6
FNDA:5,(anonymous_0)
FNDA:0,(anonymous_1)
FNDA:0,(anonymous_2)
FNDA:0,(anonymous_3)
FNDA:0,(anonymous_4)
FNDA:5,(anonymous_5)
FNDA:5,(anonymous_6)
FNDA:20,(anonymous_7)
FNDA:20,(anonymous_8)
FNDA:4,(anonymous_9)
FNDA:0,(anonymous_10)
DA:7,4
DA:28,5
DA:30,5
DA:35,5
DA:37,5
DA:41,0
DA:47,0
DA:52,0
DA:54,0
DA:56,0
DA:57,0
DA:59,0
DA:60,0
DA:64,0
DA:66,0
DA:67,0
DA:70,0
DA:71,0
DA:75,5
DA:76,5
DA:81,5
DA:89,20
DA:116,20
DA:131,4
DA:133,4
DA:135,0
LF:26
LH:12
BRDA:56,0,0,0
BRDA:56,0,1,0
BRDA:66,1,0,0
BRDA:66,1,1,0
BRDA:86,2,0,0
BRDA:86,2,1,5
BRDA:91,3,0,5
BRDA:91,3,1,15
BRF:8
BRH:3
end_of_record
TN:
SF:src\mocks\offers.js
FNF:0
FNH:0
LF:0
LH:0
BRF:0
BRH:0
end_of_record
TN:
SF:src\mocks\reviews.js
FNF:0
FNH:0
LF:0
LH:0
BRF:0
BRH:0
end_of_record
TN:
SF:src\types\types.js
FNF:0
FNH:0
DA:4,13
DA:29,13
DA:35,13
DA:46,13
DA:52,13
DA:58,13
DA:65,13
DA:74,13
DA:82,13
DA:90,13
DA:96,13
DA:100,13
DA:104,13
LF:13
LH:13
BRF:0
BRH:0
end_of_record
